CRITICAL - 2026-03-18 19:33:47 --> ErrorException: date_default_timezone_set(): Timezone ID 'time/mexico_city' is invalid
[Method: GET, Route: /]
in SYSTEMPATH\CodeIgniter.php on line 192.
 1 [internal function]: CodeIgniter\Debug\Exceptions->errorHandler(8, 'date_default_timezone_set(): Timezone ID \'time/mexico_city\' is invalid', 'C:\\xampp\\htdocs\\codeigniter4\\system\\CodeIgniter.php', 192)
 2 SYSTEMPATH\CodeIgniter.php(192): date_default_timezone_set('time/mexico_city')
 3 SYSTEMPATH\Boot.php(404): CodeIgniter\CodeIgniter->initialize()
 4 SYSTEMPATH\Boot.php(67): CodeIgniter\Boot::initializeCodeIgniter()
 5 FCPATH\index.php(59): CodeIgniter\Boot::bootWeb(Object(Config\Paths))
 6 SYSTEMPATH\rewrite.php(44): require_once('C:\\xampp\\htdocs\\codeigniter4\\public\\index.php')
CRITICAL - 2026-03-18 19:34:20 --> ErrorException: date_default_timezone_set(): Timezone ID 'mexico_city' is invalid
[Method: GET, Route: /]
in SYSTEMPATH\CodeIgniter.php on line 192.
 1 [internal function]: CodeIgniter\Debug\Exceptions->errorHandler(8, 'date_default_timezone_set(): Timezone ID \'mexico_city\' is invalid', 'C:\\xampp\\htdocs\\codeigniter4\\system\\CodeIgniter.php', 192)
 2 SYSTEMPATH\CodeIgniter.php(192): date_default_timezone_set('mexico_city')
 3 SYSTEMPATH\Boot.php(404): CodeIgniter\CodeIgniter->initialize()
 4 SYSTEMPATH\Boot.php(67): CodeIgniter\Boot::initializeCodeIgniter()
 5 FCPATH\index.php(59): CodeIgniter\Boot::bootWeb(Object(Config\Paths))
 6 SYSTEMPATH\rewrite.php(44): require_once('C:\\xampp\\htdocs\\codeigniter4\\public\\index.php')
CRITICAL - 2026-03-18 19:36:25 --> ErrorException: date_default_timezone_set(): Timezone ID 'mexico_city' is invalid
[Method: GET, Route: /]
in SYSTEMPATH\CodeIgniter.php on line 192.
 1 [internal function]: CodeIgniter\Debug\Exceptions->errorHandler(8, 'date_default_timezone_set(): Timezone ID \'mexico_city\' is invalid', 'C:\\xampp\\htdocs\\codeigniter4\\system\\CodeIgniter.php', 192)
 2 SYSTEMPATH\CodeIgniter.php(192): date_default_timezone_set('mexico_city')
 3 SYSTEMPATH\Boot.php(404): CodeIgniter\CodeIgniter->initialize()
 4 SYSTEMPATH\Boot.php(67): CodeIgniter\Boot::initializeCodeIgniter()
 5 FCPATH\index.php(59): CodeIgniter\Boot::bootWeb(Object(Config\Paths))
 6 SYSTEMPATH\rewrite.php(44): require_once('C:\\xampp\\htdocs\\codeigniter4\\public\\index.php')
CRITICAL - 2026-03-18 19:36:47 --> ErrorException: date_default_timezone_set(): Timezone ID 'mexico_city' is invalid
[Method: GET, Route: /]
in SYSTEMPATH\CodeIgniter.php on line 192.
 1 [internal function]: CodeIgniter\Debug\Exceptions->errorHandler(8, 'date_default_timezone_set(): Timezone ID \'mexico_city\' is invalid', 'C:\\xampp\\htdocs\\codeigniter4\\system\\CodeIgniter.php', 192)
 2 SYSTEMPATH\CodeIgniter.php(192): date_default_timezone_set('mexico_city')
 3 SYSTEMPATH\Boot.php(404): CodeIgniter\CodeIgniter->initialize()
 4 SYSTEMPATH\Boot.php(67): CodeIgniter\Boot::initializeCodeIgniter()
 5 FCPATH\index.php(59): CodeIgniter\Boot::bootWeb(Object(Config\Paths))
 6 SYSTEMPATH\rewrite.php(44): require_once('C:\\xampp\\htdocs\\codeigniter4\\public\\index.php')
CRITICAL - 2026-03-18 19:39:15 --> ErrorException: date_default_timezone_set(): Timezone ID 'cst/mexico_city' is invalid
[Method: GET, Route: /]
in SYSTEMPATH\CodeIgniter.php on line 192.
 1 [internal function]: CodeIgniter\Debug\Exceptions->errorHandler(8, 'date_default_timezone_set(): Timezone ID \'cst/mexico_city\' is invalid', 'C:\\xampp\\htdocs\\codeigniter4\\system\\CodeIgniter.php', 192)
 2 SYSTEMPATH\CodeIgniter.php(192): date_default_timezone_set('cst/mexico_city')
 3 SYSTEMPATH\Boot.php(404): CodeIgniter\CodeIgniter->initialize()
 4 SYSTEMPATH\Boot.php(67): CodeIgniter\Boot::initializeCodeIgniter()
 5 FCPATH\index.php(59): CodeIgniter\Boot::bootWeb(Object(Config\Paths))
 6 SYSTEMPATH\rewrite.php(44): require_once('C:\\xampp\\htdocs\\codeigniter4\\public\\index.php')
CRITICAL - 2026-03-18 19:39:18 --> ErrorException: date_default_timezone_set(): Timezone ID 'cst/mexico_city' is invalid
[Method: GET, Route: /]
in SYSTEMPATH\CodeIgniter.php on line 192.
 1 [internal function]: CodeIgniter\Debug\Exceptions->errorHandler(8, 'date_default_timezone_set(): Timezone ID \'cst/mexico_city\' is invalid', 'C:\\xampp\\htdocs\\codeigniter4\\system\\CodeIgniter.php', 192)
 2 SYSTEMPATH\CodeIgniter.php(192): date_default_timezone_set('cst/mexico_city')
 3 SYSTEMPATH\Boot.php(404): CodeIgniter\CodeIgniter->initialize()
 4 SYSTEMPATH\Boot.php(67): CodeIgniter\Boot::initializeCodeIgniter()
 5 FCPATH\index.php(59): CodeIgniter\Boot::bootWeb(Object(Config\Paths))
 6 SYSTEMPATH\rewrite.php(44): require_once('C:\\xampp\\htdocs\\codeigniter4\\public\\index.php')
CRITICAL - 2026-03-18 13:05:43 --> ParseError: syntax error, unexpected token "(", expecting identifier or variable or "{" or "$"
[Method: GET, Route: /]
in APPPATH\Controllers\Home.php on line 46.
 1 SYSTEMPATH\Autoloader\Autoloader.php(295): CodeIgniter\Autoloader\Autoloader->includeFile('C:\\xampp\\htdocs\\codeigniter4\\app\\Controllers\\Home.php')
 2 SYSTEMPATH\Autoloader\Autoloader.php(271): CodeIgniter\Autoloader\Autoloader->loadInNamespace('App\\Controllers\\Home')
 3 [internal function]: CodeIgniter\Autoloader\Autoloader->loadClass('App\\Controllers\\Home')
 4 SYSTEMPATH\Router\Router.php(792): class_exists('\\App\\Controllers\\Home')
 5 SYSTEMPATH\Router\Router.php(230): CodeIgniter\Router\Router->processRouteAttributes()
 6 SYSTEMPATH\CodeIgniter.php(829): CodeIgniter\Router\Router->handle('/')
 7 SYSTEMPATH\CodeIgniter.php(441): CodeIgniter\CodeIgniter->tryToRouteIt(Object(CodeIgniter\Router\RouteCollection))
 8 SYSTEMPATH\CodeIgniter.php(340): CodeIgniter\CodeIgniter->handleRequest(null, Object(Config\Cache), false)
 9 SYSTEMPATH\Boot.php(417): CodeIgniter\CodeIgniter->run()
10 SYSTEMPATH\Boot.php(68): CodeIgniter\Boot::runCodeIgniter(Object(CodeIgniter\CodeIgniter))
11 FCPATH\index.php(59): CodeIgniter\Boot::bootWeb(Object(Config\Paths))
12 SYSTEMPATH\rewrite.php(44): require_once('C:\\xampp\\htdocs\\codeigniter4\\public\\index.php')
CRITICAL - 2026-03-18 13:06:05 --> ParseError: syntax error, unexpected token "}"
[Method: GET, Route: /]
in APPPATH\Controllers\Home.php on line 55.
 1 SYSTEMPATH\Autoloader\Autoloader.php(295): CodeIgniter\Autoloader\Autoloader->includeFile('C:\\xampp\\htdocs\\codeigniter4\\app\\Controllers\\Home.php')
 2 SYSTEMPATH\Autoloader\Autoloader.php(271): CodeIgniter\Autoloader\Autoloader->loadInNamespace('App\\Controllers\\Home')
 3 [internal function]: CodeIgniter\Autoloader\Autoloader->loadClass('App\\Controllers\\Home')
 4 SYSTEMPATH\Router\Router.php(792): class_exists('\\App\\Controllers\\Home')
 5 SYSTEMPATH\Router\Router.php(230): CodeIgniter\Router\Router->processRouteAttributes()
 6 SYSTEMPATH\CodeIgniter.php(829): CodeIgniter\Router\Router->handle('/')
 7 SYSTEMPATH\CodeIgniter.php(441): CodeIgniter\CodeIgniter->tryToRouteIt(Object(CodeIgniter\Router\RouteCollection))
 8 SYSTEMPATH\CodeIgniter.php(340): CodeIgniter\CodeIgniter->handleRequest(null, Object(Config\Cache), false)
 9 SYSTEMPATH\Boot.php(417): CodeIgniter\CodeIgniter->run()
10 SYSTEMPATH\Boot.php(68): CodeIgniter\Boot::runCodeIgniter(Object(CodeIgniter\CodeIgniter))
11 FCPATH\index.php(59): CodeIgniter\Boot::bootWeb(Object(Config\Paths))
12 SYSTEMPATH\rewrite.php(44): require_once('C:\\xampp\\htdocs\\codeigniter4\\public\\index.php')
CRITICAL - 2026-03-18 13:06:32 --> ParseError: syntax error, unexpected token "}"
[Method: GET, Route: /]
in APPPATH\Controllers\Home.php on line 55.
 1 SYSTEMPATH\Autoloader\Autoloader.php(295): CodeIgniter\Autoloader\Autoloader->includeFile('C:\\xampp\\htdocs\\codeigniter4\\app\\Controllers\\Home.php')
 2 SYSTEMPATH\Autoloader\Autoloader.php(271): CodeIgniter\Autoloader\Autoloader->loadInNamespace('App\\Controllers\\Home')
 3 [internal function]: CodeIgniter\Autoloader\Autoloader->loadClass('App\\Controllers\\Home')
 4 SYSTEMPATH\Router\Router.php(792): class_exists('\\App\\Controllers\\Home')
 5 SYSTEMPATH\Router\Router.php(230): CodeIgniter\Router\Router->processRouteAttributes()
 6 SYSTEMPATH\CodeIgniter.php(829): CodeIgniter\Router\Router->handle('/')
 7 SYSTEMPATH\CodeIgniter.php(441): CodeIgniter\CodeIgniter->tryToRouteIt(Object(CodeIgniter\Router\RouteCollection))
 8 SYSTEMPATH\CodeIgniter.php(340): CodeIgniter\CodeIgniter->handleRequest(null, Object(Config\Cache), false)
 9 SYSTEMPATH\Boot.php(417): CodeIgniter\CodeIgniter->run()
10 SYSTEMPATH\Boot.php(68): CodeIgniter\Boot::runCodeIgniter(Object(CodeIgniter\CodeIgniter))
11 FCPATH\index.php(59): CodeIgniter\Boot::bootWeb(Object(Config\Paths))
12 SYSTEMPATH\rewrite.php(44): require_once('C:\\xampp\\htdocs\\codeigniter4\\public\\index.php')
