ERROR - 2026-03-24 11:00:28 --> Unknown column 'pass' in 'field list'
in SYSTEMPATH\Database\MySQLi\Connection.php on line 300.
 1 SYSTEMPATH\Database\MySQLi\Connection.php(300): mysqli->query('UPDATE `t_usuarios` SET `usuario` = \'Oscar\', `rol` = NULL, `pass` = \'12345\'
WHERE `id_usuario` = \'7\'', 0)
 2 SYSTEMPATH\Database\BaseConnection.php(769): CodeIgniter\Database\MySQLi\Connection->execute('UPDATE `t_usuarios` SET `usuario` = \'Oscar\', `rol` = NULL, `pass` = \'12345\'
WHERE `id_usuario` = \'7\'')
 3 SYSTEMPATH\Database\BaseConnection.php(686): CodeIgniter\Database\BaseConnection->simpleQuery('UPDATE `t_usuarios` SET `usuario` = \'Oscar\', `rol` = NULL, `pass` = \'12345\'
WHERE `id_usuario` = \'7\'')
 4 SYSTEMPATH\Database\BaseBuilder.php(2521): CodeIgniter\Database\BaseConnection->query('UPDATE `t_usuarios` SET `usuario` = :usuario:, `rol` = :rol:, `pass` = :pass:
WHERE `id_usuario` = :id_usuario:', [...], false)
 5 APPPATH\Models\consultadorDatos.php(31): CodeIgniter\Database\BaseBuilder->update([...])
 6 APPPATH\Controllers\Home.php(177): App\Models\consultadorDatos->actualizarDato('7', [...])
 7 SYSTEMPATH\CodeIgniter.php(951): App\Controllers\Home->actualizar('7')
 8 SYSTEMPATH\CodeIgniter.php(497): CodeIgniter\CodeIgniter->runController(Object(App\Controllers\Home))
 9 SYSTEMPATH\CodeIgniter.php(340): CodeIgniter\CodeIgniter->handleRequest(null, Object(Config\Cache), false)
10 SYSTEMPATH\Boot.php(417): CodeIgniter\CodeIgniter->run()
11 SYSTEMPATH\Boot.php(68): CodeIgniter\Boot::runCodeIgniter(Object(CodeIgniter\CodeIgniter))
12 FCPATH\index.php(59): CodeIgniter\Boot::bootWeb(Object(Config\Paths))
13 SYSTEMPATH\rewrite.php(44): require_once('C:\\xampp\\htdocs\\finals\\public\\index.php')
CRITICAL - 2026-03-24 11:00:29 --> CodeIgniter\Database\Exceptions\DatabaseException: Unknown column 'pass' in 'field list'
[Method: POST, Route: actualizar/7]
in SYSTEMPATH\Database\BaseConnection.php on line 724.
 1 SYSTEMPATH\Database\BaseBuilder.php(2521): CodeIgniter\Database\BaseConnection->query('UPDATE `t_usuarios` SET `usuario` = :usuario:, `rol` = :rol:, `pass` = :pass:
WHERE `id_usuario` = :id_usuario:', [...], false)
 2 APPPATH\Models\consultadorDatos.php(31): CodeIgniter\Database\BaseBuilder->update([...])
 3 APPPATH\Controllers\Home.php(177): App\Models\consultadorDatos->actualizarDato('7', [...])
 4 SYSTEMPATH\CodeIgniter.php(951): App\Controllers\Home->actualizar('7')
 5 SYSTEMPATH\CodeIgniter.php(497): CodeIgniter\CodeIgniter->runController(Object(App\Controllers\Home))
 6 SYSTEMPATH\CodeIgniter.php(340): CodeIgniter\CodeIgniter->handleRequest(null, Object(Config\Cache), false)
 7 SYSTEMPATH\Boot.php(417): CodeIgniter\CodeIgniter->run()
 8 SYSTEMPATH\Boot.php(68): CodeIgniter\Boot::runCodeIgniter(Object(CodeIgniter\CodeIgniter))
 9 FCPATH\index.php(59): CodeIgniter\Boot::bootWeb(Object(Config\Paths))
10 SYSTEMPATH\rewrite.php(44): require_once('C:\\xampp\\htdocs\\finals\\public\\index.php')
CRITICAL - 2026-03-24 11:00:29 --> [Caused by] CodeIgniter\Database\Exceptions\DatabaseException: Unknown column 'pass' in 'field list'
in SYSTEMPATH\Database\MySQLi\Connection.php on line 310.
 1 SYSTEMPATH\Database\BaseConnection.php(769): CodeIgniter\Database\MySQLi\Connection->execute('UPDATE `t_usuarios` SET `usuario` = \'Oscar\', `rol` = NULL, `pass` = \'12345\'
WHERE `id_usuario` = \'7\'')
 2 SYSTEMPATH\Database\BaseConnection.php(686): CodeIgniter\Database\BaseConnection->simpleQuery('UPDATE `t_usuarios` SET `usuario` = \'Oscar\', `rol` = NULL, `pass` = \'12345\'
WHERE `id_usuario` = \'7\'')
 3 SYSTEMPATH\Database\BaseBuilder.php(2521): CodeIgniter\Database\BaseConnection->query('UPDATE `t_usuarios` SET `usuario` = :usuario:, `rol` = :rol:, `pass` = :pass:
WHERE `id_usuario` = :id_usuario:', [...], false)
 4 APPPATH\Models\consultadorDatos.php(31): CodeIgniter\Database\BaseBuilder->update([...])
 5 APPPATH\Controllers\Home.php(177): App\Models\consultadorDatos->actualizarDato('7', [...])
 6 SYSTEMPATH\CodeIgniter.php(951): App\Controllers\Home->actualizar('7')
 7 SYSTEMPATH\CodeIgniter.php(497): CodeIgniter\CodeIgniter->runController(Object(App\Controllers\Home))
 8 SYSTEMPATH\CodeIgniter.php(340): CodeIgniter\CodeIgniter->handleRequest(null, Object(Config\Cache), false)
 9 SYSTEMPATH\Boot.php(417): CodeIgniter\CodeIgniter->run()
10 SYSTEMPATH\Boot.php(68): CodeIgniter\Boot::runCodeIgniter(Object(CodeIgniter\CodeIgniter))
11 FCPATH\index.php(59): CodeIgniter\Boot::bootWeb(Object(Config\Paths))
12 SYSTEMPATH\rewrite.php(44): require_once('C:\\xampp\\htdocs\\finals\\public\\index.php')
CRITICAL - 2026-03-24 11:00:29 --> [Caused by] mysqli_sql_exception: Unknown column 'pass' in 'field list'
in SYSTEMPATH\Database\MySQLi\Connection.php on line 300.
 1 SYSTEMPATH\Database\MySQLi\Connection.php(300): mysqli->query('UPDATE `t_usuarios` SET `usuario` = \'Oscar\', `rol` = NULL, `pass` = \'12345\'
WHERE `id_usuario` = \'7\'', 0)
 2 SYSTEMPATH\Database\BaseConnection.php(769): CodeIgniter\Database\MySQLi\Connection->execute('UPDATE `t_usuarios` SET `usuario` = \'Oscar\', `rol` = NULL, `pass` = \'12345\'
WHERE `id_usuario` = \'7\'')
 3 SYSTEMPATH\Database\BaseConnection.php(686): CodeIgniter\Database\BaseConnection->simpleQuery('UPDATE `t_usuarios` SET `usuario` = \'Oscar\', `rol` = NULL, `pass` = \'12345\'
WHERE `id_usuario` = \'7\'')
 4 SYSTEMPATH\Database\BaseBuilder.php(2521): CodeIgniter\Database\BaseConnection->query('UPDATE `t_usuarios` SET `usuario` = :usuario:, `rol` = :rol:, `pass` = :pass:
WHERE `id_usuario` = :id_usuario:', [...], false)
 5 APPPATH\Models\consultadorDatos.php(31): CodeIgniter\Database\BaseBuilder->update([...])
 6 APPPATH\Controllers\Home.php(177): App\Models\consultadorDatos->actualizarDato('7', [...])
 7 SYSTEMPATH\CodeIgniter.php(951): App\Controllers\Home->actualizar('7')
 8 SYSTEMPATH\CodeIgniter.php(497): CodeIgniter\CodeIgniter->runController(Object(App\Controllers\Home))
 9 SYSTEMPATH\CodeIgniter.php(340): CodeIgniter\CodeIgniter->handleRequest(null, Object(Config\Cache), false)
10 SYSTEMPATH\Boot.php(417): CodeIgniter\CodeIgniter->run()
11 SYSTEMPATH\Boot.php(68): CodeIgniter\Boot::runCodeIgniter(Object(CodeIgniter\CodeIgniter))
12 FCPATH\index.php(59): CodeIgniter\Boot::bootWeb(Object(Config\Paths))
13 SYSTEMPATH\rewrite.php(44): require_once('C:\\xampp\\htdocs\\finals\\public\\index.php')
CRITICAL - 2026-03-24 11:05:34 --> ErrorException: Undefined variable $userA
[Method: POST, Route: actualizar/7]
in APPPATH\Controllers\Home.php on line 149.
 1 APPPATH\Controllers\Home.php(149): CodeIgniter\Debug\Exceptions->errorHandler(2, 'Undefined variable $userA', 'C:\\xampp\\htdocs\\finals\\app\\Controllers\\Home.php', 149)
 2 SYSTEMPATH\CodeIgniter.php(951): App\Controllers\Home->actualizar('7')
 3 SYSTEMPATH\CodeIgniter.php(497): CodeIgniter\CodeIgniter->runController(Object(App\Controllers\Home))
 4 SYSTEMPATH\CodeIgniter.php(340): CodeIgniter\CodeIgniter->handleRequest(null, Object(Config\Cache), false)
 5 SYSTEMPATH\Boot.php(417): CodeIgniter\CodeIgniter->run()
 6 SYSTEMPATH\Boot.php(68): CodeIgniter\Boot::runCodeIgniter(Object(CodeIgniter\CodeIgniter))
 7 FCPATH\index.php(59): CodeIgniter\Boot::bootWeb(Object(Config\Paths))
 8 SYSTEMPATH\rewrite.php(44): require_once('C:\\xampp\\htdocs\\finals\\public\\index.php')
CRITICAL - 2026-03-24 11:35:42 --> CodeIgniter\Database\Exceptions\DatabaseException: You must set the database table to be used with your query.
[Method: POST, Route: registrar]
in SYSTEMPATH\Database\BaseConnection.php on line 984.
 1 SYSTEMPATH\Model.php(598): CodeIgniter\Database\BaseConnection->table(null)
 2 SYSTEMPATH\Model.php(748): CodeIgniter\Model->builder()
 3 APPPATH\Controllers\Home.php(111): CodeIgniter\Model->__call('where', [...])
 4 SYSTEMPATH\CodeIgniter.php(951): App\Controllers\Home->registrar()
 5 SYSTEMPATH\CodeIgniter.php(497): CodeIgniter\CodeIgniter->runController(Object(App\Controllers\Home))
 6 SYSTEMPATH\CodeIgniter.php(340): CodeIgniter\CodeIgniter->handleRequest(null, Object(Config\Cache), false)
 7 SYSTEMPATH\Boot.php(417): CodeIgniter\CodeIgniter->run()
 8 SYSTEMPATH\Boot.php(68): CodeIgniter\Boot::runCodeIgniter(Object(CodeIgniter\CodeIgniter))
 9 FCPATH\index.php(59): CodeIgniter\Boot::bootWeb(Object(Config\Paths))
10 SYSTEMPATH\rewrite.php(44): require_once('C:\\xampp\\htdocs\\finals\\public\\index.php')
CRITICAL - 2026-03-24 11:38:09 --> CodeIgniter\Database\Exceptions\DatabaseException: You must set the database table to be used with your query.
[Method: POST, Route: registrar]
in SYSTEMPATH\Database\BaseConnection.php on line 984.
 1 SYSTEMPATH\Model.php(598): CodeIgniter\Database\BaseConnection->table(null)
 2 SYSTEMPATH\Model.php(748): CodeIgniter\Model->builder()
 3 APPPATH\Controllers\Home.php(111): CodeIgniter\Model->__call('where', [...])
 4 SYSTEMPATH\CodeIgniter.php(951): App\Controllers\Home->registrar()
 5 SYSTEMPATH\CodeIgniter.php(497): CodeIgniter\CodeIgniter->runController(Object(App\Controllers\Home))
 6 SYSTEMPATH\CodeIgniter.php(340): CodeIgniter\CodeIgniter->handleRequest(null, Object(Config\Cache), false)
 7 SYSTEMPATH\Boot.php(417): CodeIgniter\CodeIgniter->run()
 8 SYSTEMPATH\Boot.php(68): CodeIgniter\Boot::runCodeIgniter(Object(CodeIgniter\CodeIgniter))
 9 FCPATH\index.php(59): CodeIgniter\Boot::bootWeb(Object(Config\Paths))
10 SYSTEMPATH\rewrite.php(44): require_once('C:\\xampp\\htdocs\\finals\\public\\index.php')
CRITICAL - 2026-03-24 11:41:28 --> CodeIgniter\Database\Exceptions\DatabaseException: You must set the database table to be used with your query.
[Method: POST, Route: registrar]
in SYSTEMPATH\Database\BaseConnection.php on line 984.
 1 SYSTEMPATH\Model.php(598): CodeIgniter\Database\BaseConnection->table(null)
 2 SYSTEMPATH\Model.php(748): CodeIgniter\Model->builder()
 3 APPPATH\Controllers\Home.php(95): CodeIgniter\Model->__call('where', [...])
 4 SYSTEMPATH\CodeIgniter.php(951): App\Controllers\Home->registrar()
 5 SYSTEMPATH\CodeIgniter.php(497): CodeIgniter\CodeIgniter->runController(Object(App\Controllers\Home))
 6 SYSTEMPATH\CodeIgniter.php(340): CodeIgniter\CodeIgniter->handleRequest(null, Object(Config\Cache), false)
 7 SYSTEMPATH\Boot.php(417): CodeIgniter\CodeIgniter->run()
 8 SYSTEMPATH\Boot.php(68): CodeIgniter\Boot::runCodeIgniter(Object(CodeIgniter\CodeIgniter))
 9 FCPATH\index.php(59): CodeIgniter\Boot::bootWeb(Object(Config\Paths))
10 SYSTEMPATH\rewrite.php(44): require_once('C:\\xampp\\htdocs\\finals\\public\\index.php')
CRITICAL - 2026-03-24 11:42:41 --> CodeIgniter\Database\Exceptions\DatabaseException: You must set the database table to be used with your query.
[Method: POST, Route: registrar]
in SYSTEMPATH\Database\BaseConnection.php on line 984.
 1 SYSTEMPATH\Model.php(598): CodeIgniter\Database\BaseConnection->table(null)
 2 SYSTEMPATH\Model.php(748): CodeIgniter\Model->builder()
 3 APPPATH\Controllers\Home.php(95): CodeIgniter\Model->__call('where', [...])
 4 SYSTEMPATH\CodeIgniter.php(951): App\Controllers\Home->registrar()
 5 SYSTEMPATH\CodeIgniter.php(497): CodeIgniter\CodeIgniter->runController(Object(App\Controllers\Home))
 6 SYSTEMPATH\CodeIgniter.php(340): CodeIgniter\CodeIgniter->handleRequest(null, Object(Config\Cache), false)
 7 SYSTEMPATH\Boot.php(417): CodeIgniter\CodeIgniter->run()
 8 SYSTEMPATH\Boot.php(68): CodeIgniter\Boot::runCodeIgniter(Object(CodeIgniter\CodeIgniter))
 9 FCPATH\index.php(59): CodeIgniter\Boot::bootWeb(Object(Config\Paths))
10 SYSTEMPATH\rewrite.php(44): require_once('C:\\xampp\\htdocs\\finals\\public\\index.php')
CRITICAL - 2026-03-24 11:43:11 --> CodeIgniter\Database\Exceptions\DatabaseException: You must set the database table to be used with your query.
[Method: POST, Route: registrar]
in SYSTEMPATH\Database\BaseConnection.php on line 984.
 1 SYSTEMPATH\Model.php(598): CodeIgniter\Database\BaseConnection->table(null)
 2 SYSTEMPATH\Model.php(748): CodeIgniter\Model->builder()
 3 APPPATH\Controllers\Home.php(95): CodeIgniter\Model->__call('where', [...])
 4 SYSTEMPATH\CodeIgniter.php(951): App\Controllers\Home->registrar()
 5 SYSTEMPATH\CodeIgniter.php(497): CodeIgniter\CodeIgniter->runController(Object(App\Controllers\Home))
 6 SYSTEMPATH\CodeIgniter.php(340): CodeIgniter\CodeIgniter->handleRequest(null, Object(Config\Cache), false)
 7 SYSTEMPATH\Boot.php(417): CodeIgniter\CodeIgniter->run()
 8 SYSTEMPATH\Boot.php(68): CodeIgniter\Boot::runCodeIgniter(Object(CodeIgniter\CodeIgniter))
 9 FCPATH\index.php(59): CodeIgniter\Boot::bootWeb(Object(Config\Paths))
10 SYSTEMPATH\rewrite.php(44): require_once('C:\\xampp\\htdocs\\finals\\public\\index.php')
CRITICAL - 2026-03-24 11:44:39 --> CodeIgniter\Database\Exceptions\DatabaseException: You must set the database table to be used with your query.
[Method: POST, Route: registrar]
in SYSTEMPATH\Database\BaseConnection.php on line 984.
 1 SYSTEMPATH\Model.php(598): CodeIgniter\Database\BaseConnection->table(null)
 2 SYSTEMPATH\Model.php(748): CodeIgniter\Model->builder()
 3 APPPATH\Controllers\Home.php(95): CodeIgniter\Model->__call('where', [...])
 4 SYSTEMPATH\CodeIgniter.php(951): App\Controllers\Home->registrar()
 5 SYSTEMPATH\CodeIgniter.php(497): CodeIgniter\CodeIgniter->runController(Object(App\Controllers\Home))
 6 SYSTEMPATH\CodeIgniter.php(340): CodeIgniter\CodeIgniter->handleRequest(null, Object(Config\Cache), false)
 7 SYSTEMPATH\Boot.php(417): CodeIgniter\CodeIgniter->run()
 8 SYSTEMPATH\Boot.php(68): CodeIgniter\Boot::runCodeIgniter(Object(CodeIgniter\CodeIgniter))
 9 FCPATH\index.php(59): CodeIgniter\Boot::bootWeb(Object(Config\Paths))
10 SYSTEMPATH\rewrite.php(44): require_once('C:\\xampp\\htdocs\\finals\\public\\index.php')
CRITICAL - 2026-03-24 11:52:29 --> CodeIgniter\Database\Exceptions\DatabaseException: You must set the database table to be used with your query.
[Method: POST, Route: registrar]
in SYSTEMPATH\Database\BaseConnection.php on line 984.
 1 SYSTEMPATH\Model.php(598): CodeIgniter\Database\BaseConnection->table(null)
 2 SYSTEMPATH\Model.php(748): CodeIgniter\Model->builder()
 3 APPPATH\Controllers\Home.php(111): CodeIgniter\Model->__call('where', [...])
 4 SYSTEMPATH\CodeIgniter.php(951): App\Controllers\Home->registrar()
 5 SYSTEMPATH\CodeIgniter.php(497): CodeIgniter\CodeIgniter->runController(Object(App\Controllers\Home))
 6 SYSTEMPATH\CodeIgniter.php(340): CodeIgniter\CodeIgniter->handleRequest(null, Object(Config\Cache), false)
 7 SYSTEMPATH\Boot.php(417): CodeIgniter\CodeIgniter->run()
 8 SYSTEMPATH\Boot.php(68): CodeIgniter\Boot::runCodeIgniter(Object(CodeIgniter\CodeIgniter))
 9 FCPATH\index.php(59): CodeIgniter\Boot::bootWeb(Object(Config\Paths))
10 SYSTEMPATH\rewrite.php(44): require_once('C:\\xampp\\htdocs\\finals\\public\\index.php')
CRITICAL - 2026-03-24 11:52:52 --> CodeIgniter\Database\Exceptions\DatabaseException: You must set the database table to be used with your query.
[Method: POST, Route: registrar]
in SYSTEMPATH\Database\BaseConnection.php on line 984.
 1 SYSTEMPATH\Model.php(598): CodeIgniter\Database\BaseConnection->table(null)
 2 SYSTEMPATH\Model.php(748): CodeIgniter\Model->builder()
 3 APPPATH\Controllers\Home.php(111): CodeIgniter\Model->__call('where', [...])
 4 SYSTEMPATH\CodeIgniter.php(951): App\Controllers\Home->registrar()
 5 SYSTEMPATH\CodeIgniter.php(497): CodeIgniter\CodeIgniter->runController(Object(App\Controllers\Home))
 6 SYSTEMPATH\CodeIgniter.php(340): CodeIgniter\CodeIgniter->handleRequest(null, Object(Config\Cache), false)
 7 SYSTEMPATH\Boot.php(417): CodeIgniter\CodeIgniter->run()
 8 SYSTEMPATH\Boot.php(68): CodeIgniter\Boot::runCodeIgniter(Object(CodeIgniter\CodeIgniter))
 9 FCPATH\index.php(59): CodeIgniter\Boot::bootWeb(Object(Config\Paths))
10 SYSTEMPATH\rewrite.php(44): require_once('C:\\xampp\\htdocs\\finals\\public\\index.php')
ERROR - 2026-03-24 12:02:24 --> Duplicate entry 'Ray' for key 'usuario'
in SYSTEMPATH\Database\MySQLi\Connection.php on line 300.
 1 SYSTEMPATH\Database\MySQLi\Connection.php(300): mysqli->query('INSERT INTO `t_usuarios` (`usuario`, `password`, `rol`) VALUES (\'Ray\', \'$2y$10$BhNltvKgwZJXfokwNOIhFuLiu8l4g6a3JMEKrMP8S9poO3/L/IaMW\', \'empleado\')', 0)
 2 SYSTEMPATH\Database\BaseConnection.php(769): CodeIgniter\Database\MySQLi\Connection->execute('INSERT INTO `t_usuarios` (`usuario`, `password`, `rol`) VALUES (\'Ray\', \'$2y$10$BhNltvKgwZJXfokwNOIhFuLiu8l4g6a3JMEKrMP8S9poO3/L/IaMW\', \'empleado\')')
 3 SYSTEMPATH\Database\BaseConnection.php(686): CodeIgniter\Database\BaseConnection->simpleQuery('INSERT INTO `t_usuarios` (`usuario`, `password`, `rol`) VALUES (\'Ray\', \'$2y$10$BhNltvKgwZJXfokwNOIhFuLiu8l4g6a3JMEKrMP8S9poO3/L/IaMW\', \'empleado\')')
 4 SYSTEMPATH\Database\BaseBuilder.php(2345): CodeIgniter\Database\BaseConnection->query('INSERT INTO `t_usuarios` (`usuario`, `password`, `rol`) VALUES (:usuario:, :password:, :rol:)', [...], false)
 5 APPPATH\Models\Usuarios.php(19): CodeIgniter\Database\BaseBuilder->insert([...])
 6 APPPATH\Controllers\Home.php(115): App\Models\Usuarios->insertarUsuario([...])
 7 SYSTEMPATH\CodeIgniter.php(951): App\Controllers\Home->registrar()
 8 SYSTEMPATH\CodeIgniter.php(497): CodeIgniter\CodeIgniter->runController(Object(App\Controllers\Home))
 9 SYSTEMPATH\CodeIgniter.php(340): CodeIgniter\CodeIgniter->handleRequest(null, Object(Config\Cache), false)
10 SYSTEMPATH\Boot.php(417): CodeIgniter\CodeIgniter->run()
11 SYSTEMPATH\Boot.php(68): CodeIgniter\Boot::runCodeIgniter(Object(CodeIgniter\CodeIgniter))
12 FCPATH\index.php(59): CodeIgniter\Boot::bootWeb(Object(Config\Paths))
13 SYSTEMPATH\rewrite.php(44): require_once('C:\\xampp\\htdocs\\finals\\public\\index.php')
CRITICAL - 2026-03-24 12:02:24 --> CodeIgniter\Database\Exceptions\DatabaseException: Duplicate entry 'Ray' for key 'usuario'
[Method: POST, Route: registrar]
in SYSTEMPATH\Database\BaseConnection.php on line 724.
 1 SYSTEMPATH\Database\BaseBuilder.php(2345): CodeIgniter\Database\BaseConnection->query('INSERT INTO `t_usuarios` (`usuario`, `password`, `rol`) VALUES (:usuario:, :password:, :rol:)', [...], false)
 2 APPPATH\Models\Usuarios.php(19): CodeIgniter\Database\BaseBuilder->insert([...])
 3 APPPATH\Controllers\Home.php(115): App\Models\Usuarios->insertarUsuario([...])
 4 SYSTEMPATH\CodeIgniter.php(951): App\Controllers\Home->registrar()
 5 SYSTEMPATH\CodeIgniter.php(497): CodeIgniter\CodeIgniter->runController(Object(App\Controllers\Home))
 6 SYSTEMPATH\CodeIgniter.php(340): CodeIgniter\CodeIgniter->handleRequest(null, Object(Config\Cache), false)
 7 SYSTEMPATH\Boot.php(417): CodeIgniter\CodeIgniter->run()
 8 SYSTEMPATH\Boot.php(68): CodeIgniter\Boot::runCodeIgniter(Object(CodeIgniter\CodeIgniter))
 9 FCPATH\index.php(59): CodeIgniter\Boot::bootWeb(Object(Config\Paths))
10 SYSTEMPATH\rewrite.php(44): require_once('C:\\xampp\\htdocs\\finals\\public\\index.php')
CRITICAL - 2026-03-24 12:02:24 --> [Caused by] CodeIgniter\Database\Exceptions\DatabaseException: Duplicate entry 'Ray' for key 'usuario'
in SYSTEMPATH\Database\MySQLi\Connection.php on line 310.
 1 SYSTEMPATH\Database\BaseConnection.php(769): CodeIgniter\Database\MySQLi\Connection->execute('INSERT INTO `t_usuarios` (`usuario`, `password`, `rol`) VALUES (\'Ray\', \'$2y$10$BhNltvKgwZJXfokwNOIhFuLiu8l4g6a3JMEKrMP8S9poO3/L/IaMW\', \'empleado\')')
 2 SYSTEMPATH\Database\BaseConnection.php(686): CodeIgniter\Database\BaseConnection->simpleQuery('INSERT INTO `t_usuarios` (`usuario`, `password`, `rol`) VALUES (\'Ray\', \'$2y$10$BhNltvKgwZJXfokwNOIhFuLiu8l4g6a3JMEKrMP8S9poO3/L/IaMW\', \'empleado\')')
 3 SYSTEMPATH\Database\BaseBuilder.php(2345): CodeIgniter\Database\BaseConnection->query('INSERT INTO `t_usuarios` (`usuario`, `password`, `rol`) VALUES (:usuario:, :password:, :rol:)', [...], false)
 4 APPPATH\Models\Usuarios.php(19): CodeIgniter\Database\BaseBuilder->insert([...])
 5 APPPATH\Controllers\Home.php(115): App\Models\Usuarios->insertarUsuario([...])
 6 SYSTEMPATH\CodeIgniter.php(951): App\Controllers\Home->registrar()
 7 SYSTEMPATH\CodeIgniter.php(497): CodeIgniter\CodeIgniter->runController(Object(App\Controllers\Home))
 8 SYSTEMPATH\CodeIgniter.php(340): CodeIgniter\CodeIgniter->handleRequest(null, Object(Config\Cache), false)
 9 SYSTEMPATH\Boot.php(417): CodeIgniter\CodeIgniter->run()
10 SYSTEMPATH\Boot.php(68): CodeIgniter\Boot::runCodeIgniter(Object(CodeIgniter\CodeIgniter))
11 FCPATH\index.php(59): CodeIgniter\Boot::bootWeb(Object(Config\Paths))
12 SYSTEMPATH\rewrite.php(44): require_once('C:\\xampp\\htdocs\\finals\\public\\index.php')
CRITICAL - 2026-03-24 12:02:24 --> [Caused by] mysqli_sql_exception: Duplicate entry 'Ray' for key 'usuario'
in SYSTEMPATH\Database\MySQLi\Connection.php on line 300.
 1 SYSTEMPATH\Database\MySQLi\Connection.php(300): mysqli->query('INSERT INTO `t_usuarios` (`usuario`, `password`, `rol`) VALUES (\'Ray\', \'$2y$10$BhNltvKgwZJXfokwNOIhFuLiu8l4g6a3JMEKrMP8S9poO3/L/IaMW\', \'empleado\')', 0)
 2 SYSTEMPATH\Database\BaseConnection.php(769): CodeIgniter\Database\MySQLi\Connection->execute('INSERT INTO `t_usuarios` (`usuario`, `password`, `rol`) VALUES (\'Ray\', \'$2y$10$BhNltvKgwZJXfokwNOIhFuLiu8l4g6a3JMEKrMP8S9poO3/L/IaMW\', \'empleado\')')
 3 SYSTEMPATH\Database\BaseConnection.php(686): CodeIgniter\Database\BaseConnection->simpleQuery('INSERT INTO `t_usuarios` (`usuario`, `password`, `rol`) VALUES (\'Ray\', \'$2y$10$BhNltvKgwZJXfokwNOIhFuLiu8l4g6a3JMEKrMP8S9poO3/L/IaMW\', \'empleado\')')
 4 SYSTEMPATH\Database\BaseBuilder.php(2345): CodeIgniter\Database\BaseConnection->query('INSERT INTO `t_usuarios` (`usuario`, `password`, `rol`) VALUES (:usuario:, :password:, :rol:)', [...], false)
 5 APPPATH\Models\Usuarios.php(19): CodeIgniter\Database\BaseBuilder->insert([...])
 6 APPPATH\Controllers\Home.php(115): App\Models\Usuarios->insertarUsuario([...])
 7 SYSTEMPATH\CodeIgniter.php(951): App\Controllers\Home->registrar()
 8 SYSTEMPATH\CodeIgniter.php(497): CodeIgniter\CodeIgniter->runController(Object(App\Controllers\Home))
 9 SYSTEMPATH\CodeIgniter.php(340): CodeIgniter\CodeIgniter->handleRequest(null, Object(Config\Cache), false)
10 SYSTEMPATH\Boot.php(417): CodeIgniter\CodeIgniter->run()
11 SYSTEMPATH\Boot.php(68): CodeIgniter\Boot::runCodeIgniter(Object(CodeIgniter\CodeIgniter))
12 FCPATH\index.php(59): CodeIgniter\Boot::bootWeb(Object(Config\Paths))
13 SYSTEMPATH\rewrite.php(44): require_once('C:\\xampp\\htdocs\\finals\\public\\index.php')
CRITICAL - 2026-03-24 12:09:51 --> ErrorException: Undefined variable $fuser
[Method: POST, Route: registrar]
in APPPATH\Controllers\Home.php on line 106.
 1 APPPATH\Controllers\Home.php(106): CodeIgniter\Debug\Exceptions->errorHandler(2, 'Undefined variable $fuser', 'C:\\xampp\\htdocs\\finals\\app\\Controllers\\Home.php', 106)
 2 SYSTEMPATH\CodeIgniter.php(951): App\Controllers\Home->registrar()
 3 SYSTEMPATH\CodeIgniter.php(497): CodeIgniter\CodeIgniter->runController(Object(App\Controllers\Home))
 4 SYSTEMPATH\CodeIgniter.php(340): CodeIgniter\CodeIgniter->handleRequest(null, Object(Config\Cache), false)
 5 SYSTEMPATH\Boot.php(417): CodeIgniter\CodeIgniter->run()
 6 SYSTEMPATH\Boot.php(68): CodeIgniter\Boot::runCodeIgniter(Object(CodeIgniter\CodeIgniter))
 7 FCPATH\index.php(59): CodeIgniter\Boot::bootWeb(Object(Config\Paths))
 8 SYSTEMPATH\rewrite.php(44): require_once('C:\\xampp\\htdocs\\finals\\public\\index.php')
CRITICAL - 2026-03-24 12:10:06 --> ErrorException: Undefined variable $fuser
[Method: POST, Route: registrar]
in APPPATH\Controllers\Home.php on line 106.
 1 APPPATH\Controllers\Home.php(106): CodeIgniter\Debug\Exceptions->errorHandler(2, 'Undefined variable $fuser', 'C:\\xampp\\htdocs\\finals\\app\\Controllers\\Home.php', 106)
 2 SYSTEMPATH\CodeIgniter.php(951): App\Controllers\Home->registrar()
 3 SYSTEMPATH\CodeIgniter.php(497): CodeIgniter\CodeIgniter->runController(Object(App\Controllers\Home))
 4 SYSTEMPATH\CodeIgniter.php(340): CodeIgniter\CodeIgniter->handleRequest(null, Object(Config\Cache), false)
 5 SYSTEMPATH\Boot.php(417): CodeIgniter\CodeIgniter->run()
 6 SYSTEMPATH\Boot.php(68): CodeIgniter\Boot::runCodeIgniter(Object(CodeIgniter\CodeIgniter))
 7 FCPATH\index.php(59): CodeIgniter\Boot::bootWeb(Object(Config\Paths))
 8 SYSTEMPATH\rewrite.php(44): require_once('C:\\xampp\\htdocs\\finals\\public\\index.php')
CRITICAL - 2026-03-24 12:13:04 --> CodeIgniter\Database\Exceptions\DatabaseException: You must set the database table to be used with your query.
[Method: POST, Route: registrar]
in SYSTEMPATH\Database\BaseConnection.php on line 984.
 1 SYSTEMPATH\Model.php(598): CodeIgniter\Database\BaseConnection->table(null)
 2 SYSTEMPATH\Model.php(748): CodeIgniter\Model->builder()
 3 APPPATH\Controllers\Home.php(107): CodeIgniter\Model->__call('where', [...])
 4 SYSTEMPATH\CodeIgniter.php(951): App\Controllers\Home->registrar()
 5 SYSTEMPATH\CodeIgniter.php(497): CodeIgniter\CodeIgniter->runController(Object(App\Controllers\Home))
 6 SYSTEMPATH\CodeIgniter.php(340): CodeIgniter\CodeIgniter->handleRequest(null, Object(Config\Cache), false)
 7 SYSTEMPATH\Boot.php(417): CodeIgniter\CodeIgniter->run()
 8 SYSTEMPATH\Boot.php(68): CodeIgniter\Boot::runCodeIgniter(Object(CodeIgniter\CodeIgniter))
 9 FCPATH\index.php(59): CodeIgniter\Boot::bootWeb(Object(Config\Paths))
10 SYSTEMPATH\rewrite.php(44): require_once('C:\\xampp\\htdocs\\finals\\public\\index.php')
CRITICAL - 2026-03-24 12:14:17 --> CodeIgniter\Database\Exceptions\DatabaseException: You must set the database table to be used with your query.
[Method: POST, Route: registrar]
in SYSTEMPATH\Database\BaseConnection.php on line 984.
 1 SYSTEMPATH\Model.php(598): CodeIgniter\Database\BaseConnection->table(null)
 2 SYSTEMPATH\Model.php(748): CodeIgniter\Model->builder()
 3 APPPATH\Controllers\Home.php(100): CodeIgniter\Model->__call('where', [...])
 4 SYSTEMPATH\CodeIgniter.php(951): App\Controllers\Home->registrar()
 5 SYSTEMPATH\CodeIgniter.php(497): CodeIgniter\CodeIgniter->runController(Object(App\Controllers\Home))
 6 SYSTEMPATH\CodeIgniter.php(340): CodeIgniter\CodeIgniter->handleRequest(null, Object(Config\Cache), false)
 7 SYSTEMPATH\Boot.php(417): CodeIgniter\CodeIgniter->run()
 8 SYSTEMPATH\Boot.php(68): CodeIgniter\Boot::runCodeIgniter(Object(CodeIgniter\CodeIgniter))
 9 FCPATH\index.php(59): CodeIgniter\Boot::bootWeb(Object(Config\Paths))
10 SYSTEMPATH\rewrite.php(44): require_once('C:\\xampp\\htdocs\\finals\\public\\index.php')
CRITICAL - 2026-03-24 12:15:35 --> CodeIgniter\Database\Exceptions\DatabaseException: You must set the database table to be used with your query.
[Method: POST, Route: registrar]
in SYSTEMPATH\Database\BaseConnection.php on line 984.
 1 SYSTEMPATH\Model.php(598): CodeIgniter\Database\BaseConnection->table(null)
 2 SYSTEMPATH\Model.php(748): CodeIgniter\Model->builder()
 3 APPPATH\Controllers\Home.php(100): CodeIgniter\Model->__call('where', [...])
 4 SYSTEMPATH\CodeIgniter.php(951): App\Controllers\Home->registrar()
 5 SYSTEMPATH\CodeIgniter.php(497): CodeIgniter\CodeIgniter->runController(Object(App\Controllers\Home))
 6 SYSTEMPATH\CodeIgniter.php(340): CodeIgniter\CodeIgniter->handleRequest(null, Object(Config\Cache), false)
 7 SYSTEMPATH\Boot.php(417): CodeIgniter\CodeIgniter->run()
 8 SYSTEMPATH\Boot.php(68): CodeIgniter\Boot::runCodeIgniter(Object(CodeIgniter\CodeIgniter))
 9 FCPATH\index.php(59): CodeIgniter\Boot::bootWeb(Object(Config\Paths))
10 SYSTEMPATH\rewrite.php(44): require_once('C:\\xampp\\htdocs\\finals\\public\\index.php')
WARNING - 2026-03-24 12:32:00 --> [DEPRECATED] password_hash(): Passing null to parameter #1 ($password) of type string is deprecated in APPPATH\Controllers\Home.php on line 97.
 1 APPPATH\Controllers\Home.php(97): password_hash(Object(SensitiveParameterValue), '2y')
 2 SYSTEMPATH\CodeIgniter.php(951): App\Controllers\Home->registrar()
 3 SYSTEMPATH\CodeIgniter.php(497): CodeIgniter\CodeIgniter->runController(Object(App\Controllers\Home))
 4 SYSTEMPATH\CodeIgniter.php(340): CodeIgniter\CodeIgniter->handleRequest(null, Object(Config\Cache), false)
 5 SYSTEMPATH\Boot.php(417): CodeIgniter\CodeIgniter->run()
 6 SYSTEMPATH\Boot.php(68): CodeIgniter\Boot::runCodeIgniter(Object(CodeIgniter\CodeIgniter))
 7 FCPATH\index.php(59): CodeIgniter\Boot::bootWeb(Object(Config\Paths))
 8 SYSTEMPATH\rewrite.php(44): require_once('C:\\xampp\\htdocs\\finals\\public\\index.php')
CRITICAL - 2026-03-24 12:32:00 --> CodeIgniter\Database\Exceptions\DatabaseException: You must set the database table to be used with your query.
[Method: GET, Route: registrar]
in SYSTEMPATH\Database\BaseConnection.php on line 984.
 1 SYSTEMPATH\Model.php(598): CodeIgniter\Database\BaseConnection->table(null)
 2 SYSTEMPATH\Model.php(748): CodeIgniter\Model->builder()
 3 APPPATH\Controllers\Home.php(107): CodeIgniter\Model->__call('where', [...])
 4 SYSTEMPATH\CodeIgniter.php(951): App\Controllers\Home->registrar()
 5 SYSTEMPATH\CodeIgniter.php(497): CodeIgniter\CodeIgniter->runController(Object(App\Controllers\Home))
 6 SYSTEMPATH\CodeIgniter.php(340): CodeIgniter\CodeIgniter->handleRequest(null, Object(Config\Cache), false)
 7 SYSTEMPATH\Boot.php(417): CodeIgniter\CodeIgniter->run()
 8 SYSTEMPATH\Boot.php(68): CodeIgniter\Boot::runCodeIgniter(Object(CodeIgniter\CodeIgniter))
 9 FCPATH\index.php(59): CodeIgniter\Boot::bootWeb(Object(Config\Paths))
10 SYSTEMPATH\rewrite.php(44): require_once('C:\\xampp\\htdocs\\finals\\public\\index.php')
DEBUG - 2026-03-24 12:32:23 --> Session: Class initialized using 'CodeIgniter\Session\Handlers\FileHandler' driver.
CRITICAL - 2026-03-24 12:32:33 --> CodeIgniter\Database\Exceptions\DatabaseException: You must set the database table to be used with your query.
[Method: POST, Route: registrar]
in SYSTEMPATH\Database\BaseConnection.php on line 984.
 1 SYSTEMPATH\Model.php(598): CodeIgniter\Database\BaseConnection->table(null)
 2 SYSTEMPATH\Model.php(748): CodeIgniter\Model->builder()
 3 APPPATH\Controllers\Home.php(107): CodeIgniter\Model->__call('where', [...])
 4 SYSTEMPATH\CodeIgniter.php(951): App\Controllers\Home->registrar()
 5 SYSTEMPATH\CodeIgniter.php(497): CodeIgniter\CodeIgniter->runController(Object(App\Controllers\Home))
 6 SYSTEMPATH\CodeIgniter.php(340): CodeIgniter\CodeIgniter->handleRequest(null, Object(Config\Cache), false)
 7 SYSTEMPATH\Boot.php(417): CodeIgniter\CodeIgniter->run()
 8 SYSTEMPATH\Boot.php(68): CodeIgniter\Boot::runCodeIgniter(Object(CodeIgniter\CodeIgniter))
 9 FCPATH\index.php(59): CodeIgniter\Boot::bootWeb(Object(Config\Paths))
10 SYSTEMPATH\rewrite.php(44): require_once('C:\\xampp\\htdocs\\finals\\public\\index.php')
CRITICAL - 2026-03-24 12:37:51 --> CodeIgniter\Database\Exceptions\DatabaseException: You must set the database table to be used with your query.
[Method: POST, Route: registrar]
in SYSTEMPATH\Database\BaseConnection.php on line 984.
 1 SYSTEMPATH\Model.php(598): CodeIgniter\Database\BaseConnection->table(null)
 2 SYSTEMPATH\Model.php(748): CodeIgniter\Model->builder()
 3 APPPATH\Controllers\Home.php(99): CodeIgniter\Model->__call('where', [...])
 4 SYSTEMPATH\CodeIgniter.php(951): App\Controllers\Home->registrar()
 5 SYSTEMPATH\CodeIgniter.php(497): CodeIgniter\CodeIgniter->runController(Object(App\Controllers\Home))
 6 SYSTEMPATH\CodeIgniter.php(340): CodeIgniter\CodeIgniter->handleRequest(null, Object(Config\Cache), false)
 7 SYSTEMPATH\Boot.php(417): CodeIgniter\CodeIgniter->run()
 8 SYSTEMPATH\Boot.php(68): CodeIgniter\Boot::runCodeIgniter(Object(CodeIgniter\CodeIgniter))
 9 FCPATH\index.php(59): CodeIgniter\Boot::bootWeb(Object(Config\Paths))
10 SYSTEMPATH\rewrite.php(44): require_once('C:\\xampp\\htdocs\\finals\\public\\index.php')
DEBUG - 2026-03-24 12:40:31 --> Session: Class initialized using 'CodeIgniter\Session\Handlers\FileHandler' driver.
DEBUG - 2026-03-24 12:40:32 --> Session: Class initialized using 'CodeIgniter\Session\Handlers\FileHandler' driver.
DEBUG - 2026-03-24 12:40:40 --> Session: Class initialized using 'CodeIgniter\Session\Handlers\FileHandler' driver.
DEBUG - 2026-03-24 12:40:40 --> Session: Class initialized using 'CodeIgniter\Session\Handlers\FileHandler' driver.
DEBUG - 2026-03-24 12:43:03 --> Session: Class initialized using 'CodeIgniter\Session\Handlers\FileHandler' driver.
DEBUG - 2026-03-24 12:43:57 --> Session: Class initialized using 'CodeIgniter\Session\Handlers\FileHandler' driver.
DEBUG - 2026-03-24 12:43:57 --> Session: Class initialized using 'CodeIgniter\Session\Handlers\FileHandler' driver.
DEBUG - 2026-03-24 12:44:50 --> Session: Class initialized using 'CodeIgniter\Session\Handlers\FileHandler' driver.
CRITICAL - 2026-03-24 12:44:50 --> ErrorException: Undefined variable $col
[Method: GET, Route: dashboard]
in APPPATH\Views\dashboard.php on line 47.
 1 APPPATH\Views\dashboard.php(47): CodeIgniter\Debug\Exceptions->errorHandler(2, 'Undefined variable $col', 'C:\\xampp\\htdocs\\finals\\app\\Views\\dashboard.php', 47)
 2 SYSTEMPATH\View\View.php(238): include('C:\\xampp\\htdocs\\finals\\app\\Views\\dashboard.php')
 3 SYSTEMPATH\View\View.php(241): CodeIgniter\View\View->CodeIgniter\View\{closure}()
 4 SYSTEMPATH\Common.php(1250): CodeIgniter\View\View->render('dashboard', [], true)
 5 APPPATH\Controllers\Home.php(34): view('dashboard', [...])
 6 SYSTEMPATH\CodeIgniter.php(951): App\Controllers\Home->dashboard()
 7 SYSTEMPATH\CodeIgniter.php(497): CodeIgniter\CodeIgniter->runController(Object(App\Controllers\Home))
 8 SYSTEMPATH\CodeIgniter.php(340): CodeIgniter\CodeIgniter->handleRequest(null, Object(Config\Cache), false)
 9 SYSTEMPATH\Boot.php(417): CodeIgniter\CodeIgniter->run()
10 SYSTEMPATH\Boot.php(68): CodeIgniter\Boot::runCodeIgniter(Object(CodeIgniter\CodeIgniter))
11 FCPATH\index.php(59): CodeIgniter\Boot::bootWeb(Object(Config\Paths))
12 SYSTEMPATH\rewrite.php(44): require_once('C:\\xampp\\htdocs\\finals\\public\\index.php')
DEBUG - 2026-03-24 12:45:16 --> Session: Class initialized using 'CodeIgniter\Session\Handlers\FileHandler' driver.
DEBUG - 2026-03-24 12:50:09 --> Session: Class initialized using 'CodeIgniter\Session\Handlers\FileHandler' driver.
